This file contains any messages produced by compilers while
running configure, to aid debugging if configure makes a mistake.

It was created by tk configure 8.5, which was
generated by GNU Autoconf 2.63.  Invocation command line was

  $ ./configure --enable-gcc --disable-shared --disable-xft --disable-xss --prefix=/home/j15324kn/ns-allinone-2.35

## --------- ##
## Platform. ##
## --------- ##

hostname = adhoc
uname -m = x86_64
uname -r = 2.6.32-696.el6.x86_64
uname -s = Linux
uname -v = #1 SMP Tue Mar 21 19:29:05 UTC 2017

/usr/bin/uname -p = unknown
/bin/uname -X     = unknown

/bin/arch              = x86_64
/usr/bin/arch -k       = unknown
/usr/convex/getsysinfo = unknown
/usr/bin/hostinfo      = unknown
/bin/machine           = unknown
/usr/bin/oslevel       = unknown
/bin/universe          = unknown

PATH: /home/j15324kn/ns-allinone-2.35/bin
PATH: /usr/lib64/qt-3.3/bin
PATH: /usr/local/bin
PATH: /bin
PATH: /usr/bin
PATH: /usr/local/sbin
PATH: /usr/sbin
PATH: /sbin
PATH: /home/j15324kn/ns-allinone-2.35/ns-2.35
PATH: /home/j15324kn/ns-allinone-2.35/nam-1.15
PATH: /home/j15324kn/ns-allinone-2.35/xgraph-12.2
PATH: /home/j15324kn/ns-allinone-2.35/ns-2.35/sbin
PATH: /home/j15324kn/bin
PATH: /home/j15324kn/ns-allinone-2.35/ns-2.35
PATH: /home/j15324kn/ns-allinone-2.35/nam-1.15
PATH: /home/j15324kn/ns-allinone-2.35/xgraph-12.2
PATH: /home/j15324kn/ns-allinone-2.35/ns-2.35/sbin


## ----------- ##
## Core tests. ##
## ----------- ##

configure:1947: checking for Tcl configuration
configure:2051: result: found /home/j15324kn/ns-allinone-2.35/tcl8.5.10/unix/tclConfig.sh
configure:2057: checking for existence of /home/j15324kn/ns-allinone-2.35/tcl8.5.10/unix/tclConfig.sh
configure:2061: result: loading
configure:2127: checking for tclsh
configure:2151: result: /home/j15324kn/ns-allinone-2.35/bin/tclsh8.5
configure:2162: checking for tclsh in Tcl build directory
configure:2165: result: /home/j15324kn/ns-allinone-2.35/tcl8.5.10/unix/tclsh
configure:2199: checking whether to use symlinks for manpages
configure:2208: result: no
configure:2211: checking whether to compress the manpages
configure:2226: result: no
configure:2240: checking whether to add a package name suffix for the manpages
configure:2253: result: no
configure:2317: checking for gcc
configure:2333: found /usr/bin/gcc
configure:2344: result: gcc
configure:2576: checking for C compiler version
configure:2584: gcc --version >&5
gcc (GCC) 4.4.7 20120313 (Red Hat 4.4.7-18)
Copyright (C) 2010 Free Software Foundation, Inc.
This is free software; see the source for copying conditions.  There is NO
warranty; not even for MERCHANTABILITY or FITNESS FOR A PARTICULAR PURPOSE.

configure:2588: $? = 0
configure:2595: gcc -v >&5
Using built-in specs.
Target: x86_64-redhat-linux
Configured with: ../configure --prefix=/usr --mandir=/usr/share/man --infodir=/usr/share/info --with-bugurl=http://bugzilla.redhat.com/bugzilla --enable-bootstrap --enable-shared --enable-threads=posix --enable-checking=release --with-system-zlib --enable-__cxa_atexit --disable-libunwind-exceptions --enable-gnu-unique-object --enable-languages=c,c++,objc,obj-c++,java,fortran,ada --enable-java-awt=gtk --disable-dssi --with-java-home=/usr/lib/jvm/java-1.5.0-gcj-1.5.0.0/jre --enable-libgcj-multifile --enable-java-maintainer-mode --with-ecj-jar=/usr/share/java/eclipse-ecj.jar --disable-libjava-multilib --with-ppl --with-cloog --with-tune=generic --with-arch_32=i686 --build=x86_64-redhat-linux
Thread model: posix
gcc version 4.4.7 20120313 (Red Hat 4.4.7-18) (GCC) 
configure:2599: $? = 0
configure:2606: gcc -V >&5
gcc: '-V' option must have argument
configure:2610: $? = 1
configure:2633: checking for C compiler default output file name
configure:2655: gcc    conftest.c  >&5
configure:2659: $? = 0
configure:2697: result: a.out
configure:2716: checking whether the C compiler works
configure:2726: ./a.out
configure:2730: $? = 0
configure:2749: result: yes
configure:2756: checking whether we are cross compiling
configure:2758: result: no
configure:2761: checking for suffix of executables
configure:2768: gcc -o conftest    conftest.c  >&5
configure:2772: $? = 0
configure:2798: result: 
configure:2804: checking for suffix of object files
configure:2830: gcc -c   conftest.c >&5
configure:2834: $? = 0
configure:2859: result: o
configure:2863: checking whether we are using the GNU C compiler
configure:2892: gcc -c   conftest.c >&5
configure:2899: $? = 0
configure:2916: result: yes
configure:2925: checking whether gcc accepts -g
configure:2955: gcc -c -g  conftest.c >&5
configure:2962: $? = 0
configure:3063: result: yes
configure:3080: checking for gcc option to accept ISO C89
configure:3154: gcc  -c   conftest.c >&5
configure:3161: $? = 0
configure:3184: result: none needed
configure:3211: checking how to run the C preprocessor
configure:3251: gcc -E  conftest.c
configure:3258: $? = 0
configure:3289: gcc -E  conftest.c
conftest.c:8:28: error: ac_nonexistent.h: No such file or directory
configure:3296: $? = 1
configure: failed program was:
| /* confdefs.h.  */
| #define PACKAGE_NAME "tk"
| #define PACKAGE_TARNAME "tk"
| #define PACKAGE_VERSION "8.5"
| #define PACKAGE_STRING "tk 8.5"
| #define PACKAGE_BUGREPORT ""
| /* end confdefs.h.  */
| #include <ac_nonexistent.h>
configure:3329: result: gcc -E
configure:3358: gcc -E  conftest.c
configure:3365: $? = 0
configure:3396: gcc -E  conftest.c
conftest.c:8:28: error: ac_nonexistent.h: No such file or directory
configure:3403: $? = 1
configure: failed program was:
| /* confdefs.h.  */
| #define PACKAGE_NAME "tk"
| #define PACKAGE_TARNAME "tk"
| #define PACKAGE_VERSION "8.5"
| #define PACKAGE_STRING "tk 8.5"
| #define PACKAGE_BUGREPORT ""
| /* end confdefs.h.  */
| #include <ac_nonexistent.h>
configure:3443: checking for grep that handles long lines and -e
configure:3503: result: /bin/grep
configure:3508: checking for egrep
configure:3572: result: /bin/grep -E
configure:3577: checking for ANSI C header files
configure:3607: gcc -c   conftest.c >&5
configure:3614: $? = 0
configure:3713: gcc -o conftest    conftest.c  >&5
configure:3717: $? = 0
configure:3723: ./conftest
configure:3727: $? = 0
configure:3745: result: yes
configure:3769: checking for sys/types.h
configure:3790: gcc -c   conftest.c >&5
configure:3797: $? = 0
configure:3814: result: yes
configure:3769: checking for sys/stat.h
configure:3790: gcc -c   conftest.c >&5
configure:3797: $? = 0
configure:3814: result: yes
configure:3769: checking for stdlib.h
configure:3790: gcc -c   conftest.c >&5
configure:3797: $? = 0
configure:3814: result: yes
configure:3769: checking for string.h
configure:3790: gcc -c   conftest.c >&5
configure:3797: $? = 0
configure:3814: result: yes
configure:3769: checking for memory.h
configure:3790: gcc -c   conftest.c >&5
configure:3797: $? = 0
configure:3814: result: yes
configure:3769: checking for strings.h
configure:3790: gcc -c   conftest.c >&5
configure:3797: $? = 0
configure:3814: result: yes
configure:3769: checking for inttypes.h
configure:3790: gcc -c   conftest.c >&5
configure:3797: $? = 0
configure:3814: result: yes
configure:3769: checking for stdint.h
configure:3790: gcc -c   conftest.c >&5
configure:3797: $? = 0
configure:3814: result: yes
configure:3769: checking for unistd.h
configure:3790: gcc -c   conftest.c >&5
configure:3797: $? = 0
configure:3814: result: yes
configure:3838: checking limits.h usability
configure:3855: gcc -c   conftest.c >&5
configure:3862: $? = 0
configure:3876: result: yes
configure:3880: checking limits.h presence
configure:3895: gcc -E  conftest.c
configure:3902: $? = 0
configure:3916: result: yes
configure:3944: checking for limits.h
configure:3951: result: yes
configure:3977: checking for stdlib.h
configure:3982: result: yes
configure:4175: checking if the compiler understands -pipe
configure:4203: gcc -c  -pipe  conftest.c >&5
configure:4210: $? = 0
configure:4226: result: yes
configure:5138: checking for building with threads
configure:5154: result: no (default)
configure:5165: checking how to build libraries
configure:5187: result: static
configure:5247: checking for ranlib
configure:5263: found /usr/bin/ranlib
configure:5274: result: ranlib
configure:5300: checking if 64bit support is requested
configure:5309: result: no
configure:5314: checking if 64bit Sparc VIS support is requested
configure:5323: result: no
configure:5334: checking if compiler supports visibility "hidden"
configure:5364: gcc -o conftest  -pipe -Werror   conftest.c  >&5
configure:5371: $? = 0
configure:5392: result: yes
configure:5407: checking if rpath support is requested
configure:5416: result: yes
configure:5423: checking system version
configure:5451: result: Linux-2.6.32-696.el6.x86_64
configure:5459: checking for dlopen in -ldl
configure:5494: gcc -o conftest  -pipe   conftest.c -ldl   >&5
configure:5501: $? = 0
configure:5522: result: yes
configure:5606: checking for ar
configure:5622: found /usr/bin/ar
configure:5633: result: ar
configure:7914: checking for build with symbols
configure:7928: result: no
configure:7978: checking for required early compiler flags
configure:8006: gcc -c  -pipe  conftest.c >&5
configure:8013: $? = 0
configure:8105: gcc -c  -pipe  conftest.c >&5
conftest.c: In function 'main':
conftest.c:28: error: storage size of 'buf' isn't known
configure:8112: $? = 1
configure: failed program was:
| /* confdefs.h.  */
| #define PACKAGE_NAME "tk"
| #define PACKAGE_TARNAME "tk"
| #define PACKAGE_VERSION "8.5"
| #define PACKAGE_STRING "tk 8.5"
| #define PACKAGE_BUGREPORT ""
| #define STDC_HEADERS 1
| #define HAVE_SYS_TYPES_H 1
| #define HAVE_SYS_STAT_H 1
| #define HAVE_STDLIB_H 1
| #define HAVE_STRING_H 1
| #define HAVE_MEMORY_H 1
| #define HAVE_STRINGS_H 1
| #define HAVE_INTTYPES_H 1
| #define HAVE_STDINT_H 1
| #define HAVE_UNISTD_H 1
| #define HAVE_LIMITS_H 1
| #define STATIC_BUILD 1
| #define MODULE_SCOPE extern __attribute__((__visibility__("hidden")))
| #define TCL_SHLIB_EXT ".so"
| #define TCL_CFG_OPTIMIZED 1
| #define TCL_CFG_DEBUG 1
| /* end confdefs.h.  */
| #include <sys/stat.h>
| int
| main ()
| {
| struct stat64 buf; int i = stat64("/", &buf);
|   ;
|   return 0;
| }
configure:8144: gcc -c  -pipe  conftest.c >&5
configure:8151: $? = 0
configure:8204: gcc -c  -pipe  conftest.c >&5
conftest.c: In function 'main':
conftest.c:29: error: 'open64' undeclared (first use in this function)
conftest.c:29: error: (Each undeclared identifier is reported only once
conftest.c:29: error: for each function it appears in.)
configure:8211: $? = 1
configure: failed program was:
| /* confdefs.h.  */
| #define PACKAGE_NAME "tk"
| #define PACKAGE_TARNAME "tk"
| #define PACKAGE_VERSION "8.5"
| #define PACKAGE_STRING "tk 8.5"
| #define PACKAGE_BUGREPORT ""
| #define STDC_HEADERS 1
| #define HAVE_SYS_TYPES_H 1
| #define HAVE_SYS_STAT_H 1
| #define HAVE_STDLIB_H 1
| #define HAVE_STRING_H 1
| #define HAVE_MEMORY_H 1
| #define HAVE_STRINGS_H 1
| #define HAVE_INTTYPES_H 1
| #define HAVE_STDINT_H 1
| #define HAVE_UNISTD_H 1
| #define HAVE_LIMITS_H 1
| #define STATIC_BUILD 1
| #define MODULE_SCOPE extern __attribute__((__visibility__("hidden")))
| #define TCL_SHLIB_EXT ".so"
| #define TCL_CFG_OPTIMIZED 1
| #define TCL_CFG_DEBUG 1
| #define _LARGEFILE64_SOURCE 1
| /* end confdefs.h.  */
| #include <sys/stat.h>
| int
| main ()
| {
| char *p = (char *)open64;
|   ;
|   return 0;
| }
configure:8243: gcc -c  -pipe  conftest.c >&5
conftest.c: In function 'main':
conftest.c:30: error: 'open64' undeclared (first use in this function)
conftest.c:30: error: (Each undeclared identifier is reported only once
conftest.c:30: error: for each function it appears in.)
configure:8250: $? = 1
configure: failed program was:
| /* confdefs.h.  */
| #define PACKAGE_NAME "tk"
| #define PACKAGE_TARNAME "tk"
| #define PACKAGE_VERSION "8.5"
| #define PACKAGE_STRING "tk 8.5"
| #define PACKAGE_BUGREPORT ""
| #define STDC_HEADERS 1
| #define HAVE_SYS_TYPES_H 1
| #define HAVE_SYS_STAT_H 1
| #define HAVE_STDLIB_H 1
| #define HAVE_STRING_H 1
| #define HAVE_MEMORY_H 1
| #define HAVE_STRINGS_H 1
| #define HAVE_INTTYPES_H 1
| #define HAVE_STDINT_H 1
| #define HAVE_UNISTD_H 1
| #define HAVE_LIMITS_H 1
| #define STATIC_BUILD 1
| #define MODULE_SCOPE extern __attribute__((__visibility__("hidden")))
| #define TCL_SHLIB_EXT ".so"
| #define TCL_CFG_OPTIMIZED 1
| #define TCL_CFG_DEBUG 1
| #define _LARGEFILE64_SOURCE 1
| /* end confdefs.h.  */
| #define _LARGEFILE_SOURCE64 1
| #include <sys/stat.h>
| int
| main ()
| {
| char *p = (char *)open64;
|   ;
|   return 0;
| }
configure:8282: result:  _LARGEFILE64_SOURCE
configure:8288: checking for 64-bit integer type
configure:8317: gcc -c  -pipe  conftest.c >&5
conftest.c: In function 'main':
conftest.c:29: error: '__int64' undeclared (first use in this function)
conftest.c:29: error: (Each undeclared identifier is reported only once
conftest.c:29: error: for each function it appears in.)
conftest.c:29: error: expected ';' before 'value'
configure:8324: $? = 1
configure: failed program was:
| /* confdefs.h.  */
| #define PACKAGE_NAME "tk"
| #define PACKAGE_TARNAME "tk"
| #define PACKAGE_VERSION "8.5"
| #define PACKAGE_STRING "tk 8.5"
| #define PACKAGE_BUGREPORT ""
| #define STDC_HEADERS 1
| #define HAVE_SYS_TYPES_H 1
| #define HAVE_SYS_STAT_H 1
| #define HAVE_STDLIB_H 1
| #define HAVE_STRING_H 1
| #define HAVE_MEMORY_H 1
| #define HAVE_STRINGS_H 1
| #define HAVE_INTTYPES_H 1
| #define HAVE_STDINT_H 1
| #define HAVE_UNISTD_H 1
| #define HAVE_LIMITS_H 1
| #define STATIC_BUILD 1
| #define MODULE_SCOPE extern __attribute__((__visibility__("hidden")))
| #define TCL_SHLIB_EXT ".so"
| #define TCL_CFG_OPTIMIZED 1
| #define TCL_CFG_DEBUG 1
| #define _LARGEFILE64_SOURCE 1
| /* end confdefs.h.  */
| 
| int
| main ()
| {
| __int64 value = (__int64) 0;
|   ;
|   return 0;
| }
configure:8364: gcc -c  -pipe  conftest.c >&5
conftest.c: In function 'main':
conftest.c:30: error: duplicate case value
conftest.c:30: error: previously used here
configure:8371: $? = 1
configure: failed program was:
| /* confdefs.h.  */
| #define PACKAGE_NAME "tk"
| #define PACKAGE_TARNAME "tk"
| #define PACKAGE_VERSION "8.5"
| #define PACKAGE_STRING "tk 8.5"
| #define PACKAGE_BUGREPORT ""
| #define STDC_HEADERS 1
| #define HAVE_SYS_TYPES_H 1
| #define HAVE_SYS_STAT_H 1
| #define HAVE_STDLIB_H 1
| #define HAVE_STRING_H 1
| #define HAVE_MEMORY_H 1
| #define HAVE_STRINGS_H 1
| #define HAVE_INTTYPES_H 1
| #define HAVE_STDINT_H 1
| #define HAVE_UNISTD_H 1
| #define HAVE_LIMITS_H 1
| #define STATIC_BUILD 1
| #define MODULE_SCOPE extern __attribute__((__visibility__("hidden")))
| #define TCL_SHLIB_EXT ".so"
| #define TCL_CFG_OPTIMIZED 1
| #define TCL_CFG_DEBUG 1
| #define _LARGEFILE64_SOURCE 1
| /* end confdefs.h.  */
| 
| int
| main ()
| {
| switch (0) {
|             case 1: case (sizeof(long long)==sizeof(long)): ;
|         }
|   ;
|   return 0;
| }
configure:8393: result: using long
configure:8700: checking whether byte ordering is bigendian
configure:8725: gcc -c  -pipe  conftest.c >&5
conftest.c:27: error: expected '=', ',', ';', 'asm' or '__attribute__' before 'a'
configure:8732: $? = 1
configure: failed program was:
| /* confdefs.h.  */
| #define PACKAGE_NAME "tk"
| #define PACKAGE_TARNAME "tk"
| #define PACKAGE_VERSION "8.5"
| #define PACKAGE_STRING "tk 8.5"
| #define PACKAGE_BUGREPORT ""
| #define STDC_HEADERS 1
| #define HAVE_SYS_TYPES_H 1
| #define HAVE_SYS_STAT_H 1
| #define HAVE_STDLIB_H 1
| #define HAVE_STRING_H 1
| #define HAVE_MEMORY_H 1
| #define HAVE_STRINGS_H 1
| #define HAVE_INTTYPES_H 1
| #define HAVE_STDINT_H 1
| #define HAVE_UNISTD_H 1
| #define HAVE_LIMITS_H 1
| #define STATIC_BUILD 1
| #define MODULE_SCOPE extern __attribute__((__visibility__("hidden")))
| #define TCL_SHLIB_EXT ".so"
| #define TCL_CFG_OPTIMIZED 1
| #define TCL_CFG_DEBUG 1
| #define _LARGEFILE64_SOURCE 1
| #define TCL_WIDE_INT_IS_LONG 1
| /* end confdefs.h.  */
| #ifndef __APPLE_CC__
| 	       not a universal capable compiler
| 	     #endif
| 	     typedef int dummy;
| 
configure:8782: gcc -c  -pipe  conftest.c >&5
configure:8789: $? = 0
configure:8821: gcc -c  -pipe  conftest.c >&5
conftest.c: In function 'main':
conftest.c:33: error: 'not' undeclared (first use in this function)
conftest.c:33: error: (Each undeclared identifier is reported only once
conftest.c:33: error: for each function it appears in.)
conftest.c:33: error: expected ';' before 'big'
configure:8828: $? = 1
configure: failed program was:
| /* confdefs.h.  */
| #define PACKAGE_NAME "tk"
| #define PACKAGE_TARNAME "tk"
| #define PACKAGE_VERSION "8.5"
| #define PACKAGE_STRING "tk 8.5"
| #define PACKAGE_BUGREPORT ""
| #define STDC_HEADERS 1
| #define HAVE_SYS_TYPES_H 1
| #define HAVE_SYS_STAT_H 1
| #define HAVE_STDLIB_H 1
| #define HAVE_STRING_H 1
| #define HAVE_MEMORY_H 1
| #define HAVE_STRINGS_H 1
| #define HAVE_INTTYPES_H 1
| #define HAVE_STDINT_H 1
| #define HAVE_UNISTD_H 1
| #define HAVE_LIMITS_H 1
| #define STATIC_BUILD 1
| #define MODULE_SCOPE extern __attribute__((__visibility__("hidden")))
| #define TCL_SHLIB_EXT ".so"
| #define TCL_CFG_OPTIMIZED 1
| #define TCL_CFG_DEBUG 1
| #define _LARGEFILE64_SOURCE 1
| #define TCL_WIDE_INT_IS_LONG 1
| /* end confdefs.h.  */
| #include <sys/types.h>
| 		#include <sys/param.h>
| 
| int
| main ()
| {
| #if BYTE_ORDER != BIG_ENDIAN
| 		 not big endian
| 		#endif
| 
|   ;
|   return 0;
| }
configure:9080: result: no
configure:9136: checking for fd_set in sys/types
configure:9163: gcc -c  -pipe  conftest.c >&5
configure:9170: $? = 0
configure:9185: result: yes
configure:9252: checking sys/time.h usability
configure:9269: gcc -c  -pipe  conftest.c >&5
configure:9276: $? = 0
configure:9290: result: yes
configure:9294: checking sys/time.h presence
configure:9309: gcc -E  conftest.c
configure:9316: $? = 0
configure:9330: result: yes
configure:9358: checking for sys/time.h
configure:9367: result: yes
configure:9382: checking whether time.h and sys/time.h may both be included
configure:9412: gcc -c  -pipe  conftest.c >&5
configure:9419: $? = 0
configure:9434: result: yes
configure:9453: checking for strtod
configure:9509: gcc -o conftest  -pipe   -Wl,--export-dynamic  conftest.c  >&5
configure:9516: $? = 0
configure:9536: result: yes
configure:9545: checking for Solaris2.4/Tru64 strtod bugs
configure:9587: gcc -o conftest  -pipe   -Wl,--export-dynamic  conftest.c  >&5
conftest.c: In function 'main':
conftest.c:36: warning: incompatible implicit declaration of built-in function 'exit'
conftest.c:40: warning: incompatible implicit declaration of built-in function 'exit'
conftest.c:44: warning: incompatible implicit declaration of built-in function 'exit'
conftest.c:46: warning: incompatible implicit declaration of built-in function 'exit'
configure:9591: $? = 0
configure:9597: ./conftest
configure:9601: $? = 0
configure:9618: result: ok
configure:9642: checking for mode_t
configure:9670: gcc -c  -pipe  conftest.c >&5
configure:9677: $? = 0
configure:9704: gcc -c  -pipe  conftest.c >&5
conftest.c: In function 'main':
conftest.c:64: error: expected expression before ')' token
configure:9711: $? = 1
configure: failed program was:
| /* confdefs.h.  */
| #define PACKAGE_NAME "tk"
| #define PACKAGE_TARNAME "tk"
| #define PACKAGE_VERSION "8.5"
| #define PACKAGE_STRING "tk 8.5"
| #define PACKAGE_BUGREPORT ""
| #define STDC_HEADERS 1
| #define HAVE_SYS_TYPES_H 1
| #define HAVE_SYS_STAT_H 1
| #define HAVE_STDLIB_H 1
| #define HAVE_STRING_H 1
| #define HAVE_MEMORY_H 1
| #define HAVE_STRINGS_H 1
| #define HAVE_INTTYPES_H 1
| #define HAVE_STDINT_H 1
| #define HAVE_UNISTD_H 1
| #define HAVE_LIMITS_H 1
| #define STATIC_BUILD 1
| #define MODULE_SCOPE extern __attribute__((__visibility__("hidden")))
| #define TCL_SHLIB_EXT ".so"
| #define TCL_CFG_OPTIMIZED 1
| #define TCL_CFG_DEBUG 1
| #define _LARGEFILE64_SOURCE 1
| #define TCL_WIDE_INT_IS_LONG 1
| #define HAVE_SYS_TIME_H 1
| #define TIME_WITH_SYS_TIME 1
| /* end confdefs.h.  */
| #include <stdio.h>
| #ifdef HAVE_SYS_TYPES_H
| # include <sys/types.h>
| #endif
| #ifdef HAVE_SYS_STAT_H
| # include <sys/stat.h>
| #endif
| #ifdef STDC_HEADERS
| # include <stdlib.h>
| # include <stddef.h>
| #else
| # ifdef HAVE_STDLIB_H
| #  include <stdlib.h>
| # endif
| #endif
| #ifdef HAVE_STRING_H
| # if !defined STDC_HEADERS && defined HAVE_MEMORY_H
| #  include <memory.h>
| # endif
| # include <string.h>
| #endif
| #ifdef HAVE_STRINGS_H
| # include <strings.h>
| #endif
| #ifdef HAVE_INTTYPES_H
| # include <inttypes.h>
| #endif
| #ifdef HAVE_STDINT_H
| # include <stdint.h>
| #endif
| #ifdef HAVE_UNISTD_H
| # include <unistd.h>
| #endif
| int
| main ()
| {
| if (sizeof ((mode_t)))
| 	  return 0;
|   ;
|   return 0;
| }
configure:9734: result: yes
configure:9746: checking for pid_t
configure:9774: gcc -c  -pipe  conftest.c >&5
configure:9781: $? = 0
configure:9808: gcc -c  -pipe  conftest.c >&5
conftest.c: In function 'main':
conftest.c:64: error: expected expression before ')' token
configure:9815: $? = 1
configure: failed program was:
| /* confdefs.h.  */
| #define PACKAGE_NAME "tk"
| #define PACKAGE_TARNAME "tk"
| #define PACKAGE_VERSION "8.5"
| #define PACKAGE_STRING "tk 8.5"
| #define PACKAGE_BUGREPORT ""
| #define STDC_HEADERS 1
| #define HAVE_SYS_TYPES_H 1
| #define HAVE_SYS_STAT_H 1
| #define HAVE_STDLIB_H 1
| #define HAVE_STRING_H 1
| #define HAVE_MEMORY_H 1
| #define HAVE_STRINGS_H 1
| #define HAVE_INTTYPES_H 1
| #define HAVE_STDINT_H 1
| #define HAVE_UNISTD_H 1
| #define HAVE_LIMITS_H 1
| #define STATIC_BUILD 1
| #define MODULE_SCOPE extern __attribute__((__visibility__("hidden")))
| #define TCL_SHLIB_EXT ".so"
| #define TCL_CFG_OPTIMIZED 1
| #define TCL_CFG_DEBUG 1
| #define _LARGEFILE64_SOURCE 1
| #define TCL_WIDE_INT_IS_LONG 1
| #define HAVE_SYS_TIME_H 1
| #define TIME_WITH_SYS_TIME 1
| /* end confdefs.h.  */
| #include <stdio.h>
| #ifdef HAVE_SYS_TYPES_H
| # include <sys/types.h>
| #endif
| #ifdef HAVE_SYS_STAT_H
| # include <sys/stat.h>
| #endif
| #ifdef STDC_HEADERS
| # include <stdlib.h>
| # include <stddef.h>
| #else
| # ifdef HAVE_STDLIB_H
| #  include <stdlib.h>
| # endif
| #endif
| #ifdef HAVE_STRING_H
| # if !defined STDC_HEADERS && defined HAVE_MEMORY_H
| #  include <memory.h>
| # endif
| # include <string.h>
| #endif
| #ifdef HAVE_STRINGS_H
| # include <strings.h>
| #endif
| #ifdef HAVE_INTTYPES_H
| # include <inttypes.h>
| #endif
| #ifdef HAVE_STDINT_H
| # include <stdint.h>
| #endif
| #ifdef HAVE_UNISTD_H
| # include <unistd.h>
| #endif
| int
| main ()
| {
| if (sizeof ((pid_t)))
| 	  return 0;
|   ;
|   return 0;
| }
configure:9838: result: yes
configure:9850: checking for size_t
configure:9878: gcc -c  -pipe  conftest.c >&5
configure:9885: $? = 0
configure:9912: gcc -c  -pipe  conftest.c >&5
conftest.c: In function 'main':
conftest.c:64: error: expected expression before ')' token
configure:9919: $? = 1
configure: failed program was:
| /* confdefs.h.  */
| #define PACKAGE_NAME "tk"
| #define PACKAGE_TARNAME "tk"
| #define PACKAGE_VERSION "8.5"
| #define PACKAGE_STRING "tk 8.5"
| #define PACKAGE_BUGREPORT ""
| #define STDC_HEADERS 1
| #define HAVE_SYS_TYPES_H 1
| #define HAVE_SYS_STAT_H 1
| #define HAVE_STDLIB_H 1
| #define HAVE_STRING_H 1
| #define HAVE_MEMORY_H 1
| #define HAVE_STRINGS_H 1
| #define HAVE_INTTYPES_H 1
| #define HAVE_STDINT_H 1
| #define HAVE_UNISTD_H 1
| #define HAVE_LIMITS_H 1
| #define STATIC_BUILD 1
| #define MODULE_SCOPE extern __attribute__((__visibility__("hidden")))
| #define TCL_SHLIB_EXT ".so"
| #define TCL_CFG_OPTIMIZED 1
| #define TCL_CFG_DEBUG 1
| #define _LARGEFILE64_SOURCE 1
| #define TCL_WIDE_INT_IS_LONG 1
| #define HAVE_SYS_TIME_H 1
| #define TIME_WITH_SYS_TIME 1
| /* end confdefs.h.  */
| #include <stdio.h>
| #ifdef HAVE_SYS_TYPES_H
| # include <sys/types.h>
| #endif
| #ifdef HAVE_SYS_STAT_H
| # include <sys/stat.h>
| #endif
| #ifdef STDC_HEADERS
| # include <stdlib.h>
| # include <stddef.h>
| #else
| # ifdef HAVE_STDLIB_H
| #  include <stdlib.h>
| # endif
| #endif
| #ifdef HAVE_STRING_H
| # if !defined STDC_HEADERS && defined HAVE_MEMORY_H
| #  include <memory.h>
| # endif
| # include <string.h>
| #endif
| #ifdef HAVE_STRINGS_H
| # include <strings.h>
| #endif
| #ifdef HAVE_INTTYPES_H
| # include <inttypes.h>
| #endif
| #ifdef HAVE_STDINT_H
| # include <stdint.h>
| #endif
| #ifdef HAVE_UNISTD_H
| # include <unistd.h>
| #endif
| int
| main ()
| {
| if (sizeof ((size_t)))
| 	  return 0;
|   ;
|   return 0;
| }
configure:9942: result: yes
configure:9954: checking for uid_t in sys/types.h
configure:9977: result: yes
configure:9993: checking for intptr_t
configure:10021: gcc -c  -pipe  conftest.c >&5
configure:10028: $? = 0
configure:10055: gcc -c  -pipe  conftest.c >&5
conftest.c: In function 'main':
conftest.c:64: error: expected expression before ')' token
configure:10062: $? = 1
configure: failed program was:
| /* confdefs.h.  */
| #define PACKAGE_NAME "tk"
| #define PACKAGE_TARNAME "tk"
| #define PACKAGE_VERSION "8.5"
| #define PACKAGE_STRING "tk 8.5"
| #define PACKAGE_BUGREPORT ""
| #define STDC_HEADERS 1
| #define HAVE_SYS_TYPES_H 1
| #define HAVE_SYS_STAT_H 1
| #define HAVE_STDLIB_H 1
| #define HAVE_STRING_H 1
| #define HAVE_MEMORY_H 1
| #define HAVE_STRINGS_H 1
| #define HAVE_INTTYPES_H 1
| #define HAVE_STDINT_H 1
| #define HAVE_UNISTD_H 1
| #define HAVE_LIMITS_H 1
| #define STATIC_BUILD 1
| #define MODULE_SCOPE extern __attribute__((__visibility__("hidden")))
| #define TCL_SHLIB_EXT ".so"
| #define TCL_CFG_OPTIMIZED 1
| #define TCL_CFG_DEBUG 1
| #define _LARGEFILE64_SOURCE 1
| #define TCL_WIDE_INT_IS_LONG 1
| #define HAVE_SYS_TIME_H 1
| #define TIME_WITH_SYS_TIME 1
| /* end confdefs.h.  */
| #include <stdio.h>
| #ifdef HAVE_SYS_TYPES_H
| # include <sys/types.h>
| #endif
| #ifdef HAVE_SYS_STAT_H
| # include <sys/stat.h>
| #endif
| #ifdef STDC_HEADERS
| # include <stdlib.h>
| # include <stddef.h>
| #else
| # ifdef HAVE_STDLIB_H
| #  include <stdlib.h>
| # endif
| #endif
| #ifdef HAVE_STRING_H
| # if !defined STDC_HEADERS && defined HAVE_MEMORY_H
| #  include <memory.h>
| # endif
| # include <string.h>
| #endif
| #ifdef HAVE_STRINGS_H
| # include <strings.h>
| #endif
| #ifdef HAVE_INTTYPES_H
| # include <inttypes.h>
| #endif
| #ifdef HAVE_STDINT_H
| # include <stdint.h>
| #endif
| #ifdef HAVE_UNISTD_H
| # include <unistd.h>
| #endif
| int
| main ()
| {
| if (sizeof ((intptr_t)))
| 	  return 0;
|   ;
|   return 0;
| }
configure:10085: result: yes
configure:10163: checking for uintptr_t
configure:10191: gcc -c  -pipe  conftest.c >&5
configure:10198: $? = 0
configure:10225: gcc -c  -pipe  conftest.c >&5
conftest.c: In function 'main':
conftest.c:65: error: expected expression before ')' token
configure:10232: $? = 1
configure: failed program was:
| /* confdefs.h.  */
| #define PACKAGE_NAME "tk"
| #define PACKAGE_TARNAME "tk"
| #define PACKAGE_VERSION "8.5"
| #define PACKAGE_STRING "tk 8.5"
| #define PACKAGE_BUGREPORT ""
| #define STDC_HEADERS 1
| #define HAVE_SYS_TYPES_H 1
| #define HAVE_SYS_STAT_H 1
| #define HAVE_STDLIB_H 1
| #define HAVE_STRING_H 1
| #define HAVE_MEMORY_H 1
| #define HAVE_STRINGS_H 1
| #define HAVE_INTTYPES_H 1
| #define HAVE_STDINT_H 1
| #define HAVE_UNISTD_H 1
| #define HAVE_LIMITS_H 1
| #define STATIC_BUILD 1
| #define MODULE_SCOPE extern __attribute__((__visibility__("hidden")))
| #define TCL_SHLIB_EXT ".so"
| #define TCL_CFG_OPTIMIZED 1
| #define TCL_CFG_DEBUG 1
| #define _LARGEFILE64_SOURCE 1
| #define TCL_WIDE_INT_IS_LONG 1
| #define HAVE_SYS_TIME_H 1
| #define TIME_WITH_SYS_TIME 1
| #define HAVE_INTPTR_T 1
| /* end confdefs.h.  */
| #include <stdio.h>
| #ifdef HAVE_SYS_TYPES_H
| # include <sys/types.h>
| #endif
| #ifdef HAVE_SYS_STAT_H
| # include <sys/stat.h>
| #endif
| #ifdef STDC_HEADERS
| # include <stdlib.h>
| # include <stddef.h>
| #else
| # ifdef HAVE_STDLIB_H
| #  include <stdlib.h>
| # endif
| #endif
| #ifdef HAVE_STRING_H
| # if !defined STDC_HEADERS && defined HAVE_MEMORY_H
| #  include <memory.h>
| # endif
| # include <string.h>
| #endif
| #ifdef HAVE_STRINGS_H
| # include <strings.h>
| #endif
| #ifdef HAVE_INTTYPES_H
| # include <inttypes.h>
| #endif
| #ifdef HAVE_STDINT_H
| # include <stdint.h>
| #endif
| #ifdef HAVE_UNISTD_H
| # include <unistd.h>
| #endif
| int
| main ()
| {
| if (sizeof ((uintptr_t)))
| 	  return 0;
|   ;
|   return 0;
| }
configure:10255: result: yes
configure:10339: checking pw_gecos in struct pwd
configure:10366: gcc -c  -pipe  conftest.c >&5
configure:10373: $? = 0
configure:10388: result: yes
configure:10893: checking for X
configure:11008: gcc -E  conftest.c
configure:11015: $? = 0
configure:11064: gcc -o conftest  -pipe   -Wl,--export-dynamic  conftest.c -lX11  >&5
configure:11071: $? = 0
configure:11133: result: libraries , headers 
configure:11153: gcc -E  conftest.c
conftest.c:31:28: error: X11/XIntrinsic.h: No such file or directory
configure:11160: $? = 1
configure: failed program was:
| /* confdefs.h.  */
| #define PACKAGE_NAME "tk"
| #define PACKAGE_TARNAME "tk"
| #define PACKAGE_VERSION "8.5"
| #define PACKAGE_STRING "tk 8.5"
| #define PACKAGE_BUGREPORT ""
| #define STDC_HEADERS 1
| #define HAVE_SYS_TYPES_H 1
| #define HAVE_SYS_STAT_H 1
| #define HAVE_STDLIB_H 1
| #define HAVE_STRING_H 1
| #define HAVE_MEMORY_H 1
| #define HAVE_STRINGS_H 1
| #define HAVE_INTTYPES_H 1
| #define HAVE_STDINT_H 1
| #define HAVE_UNISTD_H 1
| #define HAVE_LIMITS_H 1
| #define STATIC_BUILD 1
| #define MODULE_SCOPE extern __attribute__((__visibility__("hidden")))
| #define TCL_SHLIB_EXT ".so"
| #define TCL_CFG_OPTIMIZED 1
| #define TCL_CFG_DEBUG 1
| #define _LARGEFILE64_SOURCE 1
| #define TCL_WIDE_INT_IS_LONG 1
| #define HAVE_SYS_TIME_H 1
| #define TIME_WITH_SYS_TIME 1
| #define HAVE_INTPTR_T 1
| #define HAVE_UINTPTR_T 1
| #define HAVE_PW_GECOS 1
| /* end confdefs.h.  */
| #include <X11/XIntrinsic.h>
configure:11181: checking for X11 header files
configure:11197: gcc -E  conftest.c
configure:11204: $? = 0
configure:11382: checking for main in -lXbsd
configure:11411: gcc -o conftest  -pipe   -Wl,--export-dynamic  conftest.c -lXbsd   >&5
/usr/bin/ld: cannot find -lXbsd
collect2: ld returned 1 exit status
configure:11418: $? = 1
configure: failed program was:
| /* confdefs.h.  */
| #define PACKAGE_NAME "tk"
| #define PACKAGE_TARNAME "tk"
| #define PACKAGE_VERSION "8.5"
| #define PACKAGE_STRING "tk 8.5"
| #define PACKAGE_BUGREPORT ""
| #define STDC_HEADERS 1
| #define HAVE_SYS_TYPES_H 1
| #define HAVE_SYS_STAT_H 1
| #define HAVE_STDLIB_H 1
| #define HAVE_STRING_H 1
| #define HAVE_MEMORY_H 1
| #define HAVE_STRINGS_H 1
| #define HAVE_INTTYPES_H 1
| #define HAVE_STDINT_H 1
| #define HAVE_UNISTD_H 1
| #define HAVE_LIMITS_H 1
| #define STATIC_BUILD 1
| #define MODULE_SCOPE extern __attribute__((__visibility__("hidden")))
| #define TCL_SHLIB_EXT ".so"
| #define TCL_CFG_OPTIMIZED 1
| #define TCL_CFG_DEBUG 1
| #define _LARGEFILE64_SOURCE 1
| #define TCL_WIDE_INT_IS_LONG 1
| #define HAVE_SYS_TIME_H 1
| #define TIME_WITH_SYS_TIME 1
| #define HAVE_INTPTR_T 1
| #define HAVE_UINTPTR_T 1
| #define HAVE_PW_GECOS 1
| /* end confdefs.h.  */
| 
| 
| int
| main ()
| {
| return main ();
|   ;
|   return 0;
| }
configure:11439: result: no
configure:11539: checking whether to try to use XScreenSaver
configure:11549: result: no
configure:11868: checking whether to use xft
configure:11880: result: no
configure:12075: checking whether char is unsigned
configure:12103: gcc -c  -pipe  conftest.c >&5
configure:12110: $? = 0
configure:12125: result: no
configure:12511: creating ./config.status

## ---------------------- ##
## Running config.status. ##
## ---------------------- ##

This file was extended by tk config.status 8.5, which was
generated by GNU Autoconf 2.63.  Invocation command line was

  CONFIG_FILES    = 
  CONFIG_HEADERS  = 
  CONFIG_LINKS    = 
  CONFIG_COMMANDS = 
  $ ./config.status 

on adhoc

config.status:748: creating Makefile
config.status:748: creating tkConfig.sh
configure:13507: WARNING: unrecognized options: --enable-gcc

## ---------------- ##
## Cache variables. ##
## ---------------- ##

ac_cv_c_bigendian=no
ac_cv_c_char_unsigned=no
ac_cv_c_compiler_gnu=yes
ac_cv_c_tclconfig=/home/j15324kn/ns-allinone-2.35/tcl8.5.10/unix
ac_cv_env_CC_set=
ac_cv_env_CC_value=
ac_cv_env_CFLAGS_set=
ac_cv_env_CFLAGS_value=
ac_cv_env_CPPFLAGS_set=
ac_cv_env_CPPFLAGS_value=
ac_cv_env_CPP_set=
ac_cv_env_CPP_value=
ac_cv_env_LDFLAGS_set=
ac_cv_env_LDFLAGS_value=
ac_cv_env_LIBS_set=
ac_cv_env_LIBS_value=
ac_cv_env_XMKMF_set=
ac_cv_env_XMKMF_value=
ac_cv_env_build_alias_set=
ac_cv_env_build_alias_value=
ac_cv_env_host_alias_set=
ac_cv_env_host_alias_value=
ac_cv_env_target_alias_set=
ac_cv_env_target_alias_value=
ac_cv_func_strtod=yes
ac_cv_have_x='have_x=yes	ac_x_includes='\'''\''	ac_x_libraries='\'''\'''
ac_cv_header_inttypes_h=yes
ac_cv_header_limits_h=yes
ac_cv_header_memory_h=yes
ac_cv_header_stdc=yes
ac_cv_header_stdint_h=yes
ac_cv_header_stdlib_h=yes
ac_cv_header_string_h=yes
ac_cv_header_strings_h=yes
ac_cv_header_sys_stat_h=yes
ac_cv_header_sys_time_h=yes
ac_cv_header_sys_types_h=yes
ac_cv_header_time=yes
ac_cv_header_unistd_h=yes
ac_cv_lib_Xbsd_main=no
ac_cv_lib_dl_dlopen=yes
ac_cv_objext=o
ac_cv_path_EGREP='/bin/grep -E'
ac_cv_path_GREP=/bin/grep
ac_cv_path_tclsh=/home/j15324kn/ns-allinone-2.35/bin/tclsh8.5
ac_cv_prog_CPP='gcc -E'
ac_cv_prog_ac_ct_AR=ar
ac_cv_prog_ac_ct_CC=gcc
ac_cv_prog_ac_ct_RANLIB=ranlib
ac_cv_prog_cc_c89=
ac_cv_prog_cc_g=yes
ac_cv_type_intptr_t=yes
ac_cv_type_mode_t=yes
ac_cv_type_pid_t=yes
ac_cv_type_size_t=yes
ac_cv_type_uid_t=yes
ac_cv_type_uintptr_t=yes
tcl_cv_cc_pipe=yes
tcl_cv_cc_visibility_hidden=yes
tcl_cv_flag__isoc99_source=no
tcl_cv_flag__largefile64_source=yes
tcl_cv_flag__largefile_source64=no
tcl_cv_pwd_pw_gecos=yes
tcl_cv_strtod_buggy=ok
tcl_cv_sys_version=Linux-2.6.32-696.el6.x86_64
tcl_cv_type_64bit=none
tcl_cv_type_fd_set=yes

## ----------------- ##
## Output variables. ##
## ----------------- ##

APP_RSRC_FILE=''
AR='ar'
BUILD_TCLSH='/home/j15324kn/ns-allinone-2.35/tcl8.5.10/unix/tclsh'
CC='gcc'
CC_SEARCH_FLAGS='-Wl,-rpath,${LIB_RUNTIME_DIR}'
CFBUNDLELOCALIZATIONS=''
CFLAGS=' -pipe '
CFLAGS_DEBUG='-g'
CFLAGS_DEFAULT='$(CFLAGS_OPTIMIZE)'
CFLAGS_OPTIMIZE='-O2'
CFLAGS_WARNING='-Wall'
CPP='gcc -E'
CPPFLAGS=''
DEFS='-DPACKAGE_NAME=\"tk\" -DPACKAGE_TARNAME=\"tk\" -DPACKAGE_VERSION=\"8.5\" -DPACKAGE_STRING=\"tk\ 8.5\" -DPACKAGE_BUGREPORT=\"\" -DSTDC_HEADERS=1 -DHAVE_SYS_TYPES_H=1 -DHAVE_SYS_STAT_H=1 -DHAVE_STDLIB_H=1 -DHAVE_STRING_H=1 -DHAVE_MEMORY_H=1 -DHAVE_STRINGS_H=1 -DHAVE_INTTYPES_H=1 -DHAVE_STDINT_H=1 -DHAVE_UNISTD_H=1 -DHAVE_LIMITS_H=1 -DSTATIC_BUILD=1 -DMODULE_SCOPE=extern\ __attribute__\(\(__visibility__\(\"hidden\"\)\)\) -DTCL_SHLIB_EXT=\".so\" -DTCL_CFG_OPTIMIZED=1 -DTCL_CFG_DEBUG=1 -D_LARGEFILE64_SOURCE=1 -DTCL_WIDE_INT_IS_LONG=1 -DHAVE_SYS_TIME_H=1 -DTIME_WITH_SYS_TIME=1 -DHAVE_INTPTR_T=1 -DHAVE_UINTPTR_T=1 -DHAVE_PW_GECOS=1'
DL_LIBS='-ldl'
DL_OBJS='tclLoadDl.o'
ECHO_C=''
ECHO_N='-n'
ECHO_T=''
EGREP='/bin/grep -E'
EXEEXT=''
EXTRA_APP_CC_SWITCHES=''
EXTRA_BUILD_HTML=''
EXTRA_CC_SWITCHES=''
EXTRA_INSTALL=''
EXTRA_INSTALL_BINARIES=''
EXTRA_WISH_LIBS=''
GREP='/bin/grep'
HTML_DIR='$(DISTDIR)/html'
INSTALL_LIB='$(INSTALL_LIBRARY) $(LIB_FILE) "$(LIB_INSTALL_DIR)"/$(LIB_FILE) ; (cd "$(LIB_INSTALL_DIR)" ; $(RANLIB) $(LIB_FILE))'
INSTALL_STUB_LIB='$(INSTALL_LIBRARY) $(STUB_LIB_FILE) "$(LIB_INSTALL_DIR)"/$(STUB_LIB_FILE) ; (cd "$(LIB_INSTALL_DIR)" ; $(RANLIB) $(STUB_LIB_FILE))'
LDAIX_SRC=''
LDFLAGS=' -Wl,--export-dynamic '
LDFLAGS_DEBUG=''
LDFLAGS_DEFAULT='$(LDFLAGS_OPTIMIZE)'
LDFLAGS_OPTIMIZE=''
LD_LIBRARY_PATH_VAR='LD_LIBRARY_PATH'
LD_SEARCH_FLAGS='-Wl,-rpath,${LIB_RUNTIME_DIR}'
LIBOBJS=''
LIBS=''
LIB_RSRC_FILE=''
LOCALES='cs da de el en en_gb eo es fr hu it nl pl pt ru sv'
LTLIBOBJS=''
MAKE_LIB='${STLIB_LD} $@ ${OBJS} ; ${RANLIB} $@'
MAKE_STUB_LIB='${STLIB_LD} $@ ${STUB_LIB_OBJS} ; ${RANLIB} $@'
MAN_FLAGS=''
OBJEXT='o'
PACKAGE_BUGREPORT=''
PACKAGE_NAME='tk'
PACKAGE_STRING='tk 8.5'
PACKAGE_TARNAME='tk'
PACKAGE_VERSION='8.5'
PATH_SEPARATOR=':'
PLAT_OBJS=''
PLAT_SRCS=''
PRIVATE_INCLUDE_DIR='$(includedir)'
RANLIB='ranlib'
REZ=''
REZ_FLAGS=''
SHELL='/bin/sh'
SHLIB_CFLAGS='-fPIC'
SHLIB_LD='${CC} -shared ${CFLAGS} ${LDFLAGS}'
SHLIB_LD_LIBS='${LIBS}'
SHLIB_SUFFIX='.so'
STLIB_LD='${AR} cr'
TCLSH_PROG='/home/j15324kn/ns-allinone-2.35/bin/tclsh8.5'
TCL_BIN_DIR='/home/j15324kn/ns-allinone-2.35/tcl8.5.10/unix'
TCL_LIBS='-ldl  -lieee -lm'
TCL_LIB_FILE='libtcl8.5.a'
TCL_LIB_FLAG='-ltcl8.5'
TCL_LIB_SPEC='-L/home/j15324kn/ns-allinone-2.35/tcl8.5.10/unix -ltcl8.5'
TCL_PATCH_LEVEL='.10'
TCL_SHLIB_LD_EXTRAS=''
TCL_SRC_DIR='/home/j15324kn/ns-allinone-2.35/tcl8.5.10'
TCL_STUB_FLAGS=''
TCL_STUB_LIB_FILE='libtclstub8.5.a'
TCL_STUB_LIB_FLAG='-ltclstub8.5'
TCL_STUB_LIB_SPEC='-L/home/j15324kn/ns-allinone-2.35/tcl8.5.10/unix -ltclstub8.5'
TCL_THREADS='0'
TCL_VERSION='8.5'
TK_BUILD_LIB_SPEC='-L/home/j15324kn/ns-allinone-2.35/tk8.5.10/unix -ltk8.5'
TK_BUILD_STUB_LIB_PATH='/home/j15324kn/ns-allinone-2.35/tk8.5.10/unix/libtkstub8.5.a'
TK_BUILD_STUB_LIB_SPEC='-L/home/j15324kn/ns-allinone-2.35/tk8.5.10/unix -ltkstub8.5'
TK_INCLUDE_SPEC='-I/home/j15324kn/ns-allinone-2.35/include'
TK_LIBRARY='$(prefix)/lib/tk$(VERSION)'
TK_LIB_FILE='libtk8.5.a'
TK_LIB_FLAG='-ltk8.5'
TK_LIB_SPEC='-L/home/j15324kn/ns-allinone-2.35/lib -ltk8.5'
TK_MAJOR_VERSION='8'
TK_MINOR_VERSION='5'
TK_PATCH_LEVEL='.10'
TK_PKG_DIR='tk$(VERSION)'
TK_RSRC_FILE='tk$(VERSION).rsrc'
TK_SHARED_BUILD='0'
TK_SHLIB_LD_EXTRAS=''
TK_SRC_DIR='/home/j15324kn/ns-allinone-2.35/tk8.5.10'
TK_STUB_LIB_FILE='libtkstub8.5.a'
TK_STUB_LIB_FLAG='-ltkstub8.5'
TK_STUB_LIB_PATH='/home/j15324kn/ns-allinone-2.35/lib/libtkstub8.5.a'
TK_STUB_LIB_SPEC='-L/home/j15324kn/ns-allinone-2.35/lib -ltkstub8.5'
TK_VERSION='8.5'
TK_WINDOWINGSYSTEM='X11'
TK_YEAR=''
UNIX_FONT_OBJS='tkUnixFont.o'
WISH_RSRC_FILE='wish$(VERSION).rsrc'
XFT_CFLAGS=''
XFT_LIBS=''
XINCLUDES=''
XLIBSW='-lX11'
XMKMF=''
ac_ct_CC='gcc'
bindir='${exec_prefix}/bin'
build_alias=''
datadir='${datarootdir}'
datarootdir='${prefix}/share'
docdir='${datarootdir}/doc/${PACKAGE_TARNAME}'
dvidir='${docdir}'
exec_prefix='/home/j15324kn/ns-allinone-2.35'
host_alias=''
htmldir='${docdir}'
includedir='${prefix}/include'
infodir='${datarootdir}/info'
libdir='/home/j15324kn/ns-allinone-2.35/lib'
libexecdir='${exec_prefix}/libexec'
localedir='${datarootdir}/locale'
localstatedir='${prefix}/var'
mandir='${datarootdir}/man'
oldincludedir='/usr/include'
pdfdir='${docdir}'
prefix='/home/j15324kn/ns-allinone-2.35'
program_transform_name='s,x,x,'
psdir='${docdir}'
sbindir='${exec_prefix}/sbin'
sharedstatedir='${prefix}/com'
sysconfdir='${prefix}/etc'
target_alias=''

## ----------- ##
## confdefs.h. ##
## ----------- ##

#define PACKAGE_NAME "tk"
#define PACKAGE_TARNAME "tk"
#define PACKAGE_VERSION "8.5"
#define PACKAGE_STRING "tk 8.5"
#define PACKAGE_BUGREPORT ""
#define STDC_HEADERS 1
#define HAVE_SYS_TYPES_H 1
#define HAVE_SYS_STAT_H 1
#define HAVE_STDLIB_H 1
#define HAVE_STRING_H 1
#define HAVE_MEMORY_H 1
#define HAVE_STRINGS_H 1
#define HAVE_INTTYPES_H 1
#define HAVE_STDINT_H 1
#define HAVE_UNISTD_H 1
#define HAVE_LIMITS_H 1
#define STATIC_BUILD 1
#define MODULE_SCOPE extern __attribute__((__visibility__("hidden")))
#define TCL_SHLIB_EXT ".so"
#define TCL_CFG_OPTIMIZED 1
#define TCL_CFG_DEBUG 1
#define _LARGEFILE64_SOURCE 1
#define TCL_WIDE_INT_IS_LONG 1
#define HAVE_SYS_TIME_H 1
#define TIME_WITH_SYS_TIME 1
#define HAVE_INTPTR_T 1
#define HAVE_UINTPTR_T 1
#define HAVE_PW_GECOS 1

configure: exit 0
